** starting server from /home/ramya/git/avengers/runtime/ring **
poke home = /home/ramya/git/avengers/runtime/ring
-e 
** config: server2.conf **

 INSIDE SERVER- init cfg is server2.conf
INSIDE NodeDesc-setNodeId() NODEID IS three
INSIDE NodeDesc-setNodeId() NODEID IS one
INSIDE ResourceFactory-initialize CFG IS poke.server.conf.ServerConf@1b7a72b
 INSDIE OutboundMgmtWorker-OutboundMgmtWorker java.lang.ThreadGroup[name=ManagementQueue-19232366787263,maxpri=10] wrker id is 1
INSIDE HearMonitor: initTCP() 
INSIDE HearMonitor: initTCP() 
system print testing of server -IGNORE
INSIDE MonitorPipelin - getPipeline() pipleline is DefaultChannelPipeline{(frameDecoder = org.jboss.netty.handler.codec.frame.LengthFieldBasedFrameDecoder), (protobufDecoder = org.jboss.netty.handler.codec.protobuf.ProtobufDecoder), (frameEncoder = org.jboss.netty.handler.codec.frame.LengthFieldPrepender), (protobufEncoder = org.jboss.netty.handler.codec.protobuf.ProtobufEncoder), (handler = poke.monitor.MonitorHandler)}
INSIDE MonitorPipelin - getPipeline() pipleline is DefaultChannelPipeline{(frameDecoder = org.jboss.netty.handler.codec.frame.LengthFieldBasedFrameDecoder), (protobufDecoder = org.jboss.netty.handler.codec.protobuf.ProtobufDecoder), (frameEncoder = org.jboss.netty.handler.codec.frame.LengthFieldPrepender), (protobufEncoder = org.jboss.netty.handler.codec.protobuf.ProtobufEncoder), (handler = poke.monitor.MonitorHandler)}
INSIDE MonitorPipelin - getPipeline() pipleline is DefaultChannelPipeline{(frameDecoder = org.jboss.netty.handler.codec.frame.LengthFieldBasedFrameDecoder), (protobufDecoder = org.jboss.netty.handler.codec.protobuf.ProtobufDecoder), (frameEncoder = org.jboss.netty.handler.codec.frame.LengthFieldPrepender), (protobufEncoder = org.jboss.netty.handler.codec.protobuf.ProtobufEncoder), (handler = poke.monitor.MonitorHandler)}
INSIDE MonitorPipelin - getPipeline() pipleline is DefaultChannelPipeline{(frameDecoder = org.jboss.netty.handler.codec.frame.LengthFieldBasedFrameDecoder), (protobufDecoder = org.jboss.netty.handler.codec.protobuf.ProtobufDecoder), (frameEncoder = org.jboss.netty.handler.codec.frame.LengthFieldPrepender), (protobufEncoder = org.jboss.netty.handler.codec.protobuf.ProtobufEncoder), (handler = poke.monitor.MonitorHandler)}
INSIDE MonitorPipelin - getPipeline() pipleline is DefaultChannelPipeline{(frameDecoder = org.jboss.netty.handler.codec.frame.LengthFieldBasedFrameDecoder), (protobufDecoder = org.jboss.netty.handler.codec.protobuf.ProtobufDecoder), (frameEncoder = org.jboss.netty.handler.codec.frame.LengthFieldPrepender), (protobufEncoder = org.jboss.netty.handler.codec.protobuf.ProtobufEncoder), (handler = poke.monitor.MonitorHandler)}
INSIDE HearMonitor: connect() 
INSIDE MonitorPipelin - getPipeline() pipleline is DefaultChannelPipeline{(frameDecoder = org.jboss.netty.handler.codec.frame.LengthFieldBasedFrameDecoder), (protobufDecoder = org.jboss.netty.handler.codec.protobuf.ProtobufDecoder), (frameEncoder = org.jboss.netty.handler.codec.frame.LengthFieldPrepender), (protobufEncoder = org.jboss.netty.handler.codec.protobuf.ProtobufEncoder), (handler = poke.monitor.MonitorHandler)}
ManagementQUEUE enqueueRequest-IGNORE req :graph {
  nodeId: "monitor"
  action: NODEJOIN
}
, ch is:[id: 0x015e3abb, /127.0.0.1:35022 => /127.0.0.1:5672]
ManagementQUEUE ManagementQueueEntry-IGNORE req :graph {
  nodeId: "monitor"
  action: NODEJOIN
}
, ch is:[id: 0x015e3abb, /127.0.0.1:35022 => /127.0.0.1:5672], sa is:/127.0.0.1:35022
InboundMgmtWorker run 1 -MSG IS poke.server.management.ManagementQueue$ManagementQueueEntry@4f3623
Network: node 'monitor' sent a NODEJOIN
INSIDE MonitorPipelin - getPipeline() pipleline is DefaultChannelPipeline{(frameDecoder = org.jboss.netty.handler.codec.frame.LengthFieldBasedFrameDecoder), (protobufDecoder = org.jboss.netty.handler.codec.protobuf.ProtobufDecoder), (frameEncoder = org.jboss.netty.handler.codec.frame.LengthFieldPrepender), (protobufEncoder = org.jboss.netty.handler.codec.protobuf.ProtobufEncoder), (handler = poke.monitor.MonitorHandler)}
 INSIDE MonitorHandler- handleMessage beat {
  nodeId: "one"
  timeRef: 1382183697936
}

INSIDE MonitorPipelin - getPipeline() pipleline is DefaultChannelPipeline{(frameDecoder = org.jboss.netty.handler.codec.frame.LengthFieldBasedFrameDecoder), (protobufDecoder = org.jboss.netty.handler.codec.protobuf.ProtobufDecoder), (frameEncoder = org.jboss.netty.handler.codec.frame.LengthFieldPrepender), (protobufEncoder = org.jboss.netty.handler.codec.protobuf.ProtobufEncoder), (handler = poke.monitor.MonitorHandler)}
INSIDE MonitorPipelin - getPipeline() pipleline is DefaultChannelPipeline{(frameDecoder = org.jboss.netty.handler.codec.frame.LengthFieldBasedFrameDecoder), (protobufDecoder = org.jboss.netty.handler.codec.protobuf.ProtobufDecoder), (frameEncoder = org.jboss.netty.handler.codec.frame.LengthFieldPrepender), (protobufEncoder = org.jboss.netty.handler.codec.protobuf.ProtobufEncoder), (handler = poke.monitor.MonitorHandler)}
INSIDE MonitorPipelin - getPipeline() pipleline is DefaultChannelPipeline{(frameDecoder = org.jboss.netty.handler.codec.frame.LengthFieldBasedFrameDecoder), (protobufDecoder = org.jboss.netty.handler.codec.protobuf.ProtobufDecoder), (frameEncoder = org.jboss.netty.handler.codec.frame.LengthFieldPrepender), (protobufEncoder = org.jboss.netty.handler.codec.protobuf.ProtobufEncoder), (handler = poke.monitor.MonitorHandler)}
 INSIDE MonitorHandler- handleMessage beat {
  nodeId: "one"
  timeRef: 1382183702937
}

INSIDE MonitorPipelin - getPipeline() pipleline is DefaultChannelPipeline{(frameDecoder = org.jboss.netty.handler.codec.frame.LengthFieldBasedFrameDecoder), (protobufDecoder = org.jboss.netty.handler.codec.protobuf.ProtobufDecoder), (frameEncoder = org.jboss.netty.handler.codec.frame.LengthFieldPrepender), (protobufEncoder = org.jboss.netty.handler.codec.protobuf.ProtobufEncoder), (handler = poke.monitor.MonitorHandler)}
INSIDE MonitorPipelin - getPipeline() pipleline is DefaultChannelPipeline{(frameDecoder = org.jboss.netty.handler.codec.frame.LengthFieldBasedFrameDecoder), (protobufDecoder = org.jboss.netty.handler.codec.protobuf.ProtobufDecoder), (frameEncoder = org.jboss.netty.handler.codec.frame.LengthFieldPrepender), (protobufEncoder = org.jboss.netty.handler.codec.protobuf.ProtobufEncoder), (handler = poke.monitor.MonitorHandler)}
 INSIDE MonitorHandler- handleMessage beat {
  nodeId: "one"
  timeRef: 1382183707938
}

INSIDE MonitorPipelin - getPipeline() pipleline is DefaultChannelPipeline{(frameDecoder = org.jboss.netty.handler.codec.frame.LengthFieldBasedFrameDecoder), (protobufDecoder = org.jboss.netty.handler.codec.protobuf.ProtobufDecoder), (frameEncoder = org.jboss.netty.handler.codec.frame.LengthFieldPrepender), (protobufEncoder = org.jboss.netty.handler.codec.protobuf.ProtobufEncoder), (handler = poke.monitor.MonitorHandler)}
INSIDE HearMonitor: connect() 
ManagementQUEUE enqueueRequest-IGNORE req :graph {
  nodeId: "monitor"
  action: NODEJOIN
}
, ch is:[id: 0x01d36efb, /127.0.0.1:35038 => /127.0.0.1:5672]
ManagementQUEUE ManagementQueueEntry-IGNORE req :graph {
  nodeId: "monitor"
  action: NODEJOIN
}
, ch is:[id: 0x01d36efb, /127.0.0.1:35038 => /127.0.0.1:5672], sa is:/127.0.0.1:35038
InboundMgmtWorker run 1 -MSG IS poke.server.management.ManagementQueue$ManagementQueueEntry@5043d6
Network: node 'monitor' sent a NODEJOIN
 INSIDE MonitorHandler- handleMessage beat {
  nodeId: "three"
  timeRef: 1382183712452
}

 INSIDE MonitorHandler- handleMessage beat {
  nodeId: "one"
  timeRef: 1382183712938
}

 INSIDE MonitorHandler- handleMessage beat {
  nodeId: "three"
  timeRef: 1382183717453
}

 INSIDE MonitorHandler- handleMessage beat {
  nodeId: "one"
  timeRef: 1382183717939
}

 INSIDE MonitorHandler- handleMessage beat {
  nodeId: "three"
  timeRef: 1382183722454
}

 INSIDE MonitorHandler- handleMessage beat {
  nodeId: "one"
  timeRef: 1382183722939
}

 INSIDE MonitorHandler- handleMessage beat {
  nodeId: "three"
  timeRef: 1382183727454
}

 INSIDE MonitorHandler- handleMessage beat {
  nodeId: "one"
  timeRef: 1382183727939
}

 INSIDE MonitorHandler- handleMessage beat {
  nodeId: "three"
  timeRef: 1382183732455
}

 INSIDE MonitorHandler- handleMessage beat {
  nodeId: "one"
  timeRef: 1382183732940
}

 INSIDE MonitorHandler- handleMessage beat {
  nodeId: "three"
  timeRef: 1382183737456
}

 INSIDE MonitorHandler- handleMessage beat {
  nodeId: "one"
  timeRef: 1382183737942
}

 INSIDE MonitorHandler- handleMessage beat {
  nodeId: "three"
  timeRef: 1382183742456
}

 INSIDE MonitorHandler- handleMessage beat {
  nodeId: "one"
  timeRef: 1382183742942
}

 INSIDE MonitorHandler- handleMessage beat {
  nodeId: "three"
  timeRef: 1382183747457
}

 INSIDE MonitorHandler- handleMessage beat {
  nodeId: "one"
  timeRef: 1382183747943
}

 INSIDE MonitorHandler- handleMessage beat {
  nodeId: "three"
  timeRef: 1382183752457
}

 INSIDE MonitorHandler- handleMessage beat {
  nodeId: "one"
  timeRef: 1382183752943
}

 INSIDE MonitorHandler- handleMessage beat {
  nodeId: "three"
  timeRef: 1382183757458
}

 INSIDE MonitorHandler- handleMessage beat {
  nodeId: "one"
  timeRef: 1382183757944
}

 INSIDE MonitorHandler- handleMessage beat {
  nodeId: "three"
  timeRef: 1382183762459
}

 INSIDE MonitorHandler- handleMessage beat {
  nodeId: "one"
  timeRef: 1382183762944
}

 INSIDE MonitorHandler- handleMessage beat {
  nodeId: "three"
  timeRef: 1382183767459
}

 INSIDE MonitorHandler- handleMessage beat {
  nodeId: "one"
  timeRef: 1382183767945
}

 INSIDE MonitorHandler- handleMessage beat {
  nodeId: "three"
  timeRef: 1382183772460
}

 INSIDE MonitorHandler- handleMessage beat {
  nodeId: "one"
  timeRef: 1382183772945
}

 INSIDE MonitorHandler- handleMessage beat {
  nodeId: "three"
  timeRef: 1382183777460
}

 INSIDE MonitorHandler- handleMessage beat {
  nodeId: "one"
  timeRef: 1382183777947
}

 INSIDE MonitorHandler- handleMessage beat {
  nodeId: "three"
  timeRef: 1382183782461
}

 INSIDE MonitorHandler- handleMessage beat {
  nodeId: "one"
  timeRef: 1382183782947
}

 INSIDE MonitorHandler- handleMessage beat {
  nodeId: "three"
  timeRef: 1382183787462
}

 INSIDE MonitorHandler- handleMessage beat {
  nodeId: "one"
  timeRef: 1382183787948
}

 INSIDE MonitorHandler- handleMessage beat {
  nodeId: "three"
  timeRef: 1382183792462
}

 INSIDE MonitorHandler- handleMessage beat {
  nodeId: "one"
  timeRef: 1382183792948
}

 INSIDE MonitorHandler- handleMessage beat {
  nodeId: "three"
  timeRef: 1382183797464
}

 INSIDE MonitorHandler- handleMessage beat {
  nodeId: "one"
  timeRef: 1382183797950
}

 INSIDE MonitorHandler- handleMessage beat {
  nodeId: "three"
  timeRef: 1382183802464
}

 INSIDE MonitorHandler- handleMessage beat {
  nodeId: "one"
  timeRef: 1382183802951
}

 INSIDE MonitorHandler- handleMessage beat {
  nodeId: "three"
  timeRef: 1382183807465
}

 INSIDE MonitorHandler- handleMessage beat {
  nodeId: "one"
  timeRef: 1382183807952
}

 INSIDE MonitorHandler- handleMessage beat {
  nodeId: "three"
  timeRef: 1382183812467
}

 INSIDE MonitorHandler- handleMessage beat {
  nodeId: "one"
  timeRef: 1382183812952
}

 INSIDE MonitorHandler- handleMessage beat {
  nodeId: "three"
  timeRef: 1382183817467
}

 INSIDE MonitorHandler- handleMessage beat {
  nodeId: "one"
  timeRef: 1382183817953
}

 INSIDE MonitorHandler- handleMessage beat {
  nodeId: "three"
  timeRef: 1382183822469
}

 INSIDE MonitorHandler- handleMessage beat {
  nodeId: "one"
  timeRef: 1382183822953
}

 INSIDE MonitorHandler- handleMessage beat {
  nodeId: "three"
  timeRef: 1382183827470
}

 INSIDE MonitorHandler- handleMessage beat {
  nodeId: "one"
  timeRef: 1382183827954
}

 INSIDE MonitorHandler- handleMessage beat {
  nodeId: "three"
  timeRef: 1382183832471
}

 INSIDE MonitorHandler- handleMessage beat {
  nodeId: "one"
  timeRef: 1382183832954
}

 INSIDE MonitorHandler- handleMessage beat {
  nodeId: "three"
  timeRef: 1382183837471
}

 INSIDE MonitorHandler- handleMessage beat {
  nodeId: "one"
  timeRef: 1382183837955
}

 INSIDE MonitorHandler- handleMessage beat {
  nodeId: "three"
  timeRef: 1382183842472
}

 INSIDE MonitorHandler- handleMessage beat {
  nodeId: "one"
  timeRef: 1382183842955
}

 INSIDE MonitorHandler- handleMessage beat {
  nodeId: "three"
  timeRef: 1382183847473
}

 INSIDE MonitorHandler- handleMessage beat {
  nodeId: "one"
  timeRef: 1382183847956
}

 INSIDE MonitorHandler- handleMessage beat {
  nodeId: "three"
  timeRef: 1382183852473
}

 INSIDE MonitorHandler- handleMessage beat {
  nodeId: "one"
  timeRef: 1382183852958
}

 INSIDE MonitorHandler- handleMessage beat {
  nodeId: "three"
  timeRef: 1382183857473
}

 INSIDE MonitorHandler- handleMessage beat {
  nodeId: "one"
  timeRef: 1382183857958
}

 INSIDE MonitorHandler- handleMessage beat {
  nodeId: "three"
  timeRef: 1382183862474
}

 INSIDE MonitorHandler- handleMessage beat {
  nodeId: "one"
  timeRef: 1382183862959
}

 INSIDE MonitorHandler- handleMessage beat {
  nodeId: "three"
  timeRef: 1382183867475
}

 INSIDE MonitorHandler- handleMessage beat {
  nodeId: "one"
  timeRef: 1382183867959
}

 INSIDE MonitorHandler- handleMessage beat {
  nodeId: "three"
  timeRef: 1382183872476
}

 INSIDE MonitorHandler- handleMessage beat {
  nodeId: "one"
  timeRef: 1382183872960
}

 INSIDE MonitorHandler- handleMessage beat {
  nodeId: "three"
  timeRef: 1382183877476
}

 INSIDE MonitorHandler- handleMessage beat {
  nodeId: "one"
  timeRef: 1382183877961
}

 INSIDE MonitorHandler- handleMessage beat {
  nodeId: "three"
  timeRef: 1382183882478
}

 INSIDE MonitorHandler- handleMessage beat {
  nodeId: "one"
  timeRef: 1382183882962
}

 INSIDE MonitorHandler- handleMessage beat {
  nodeId: "three"
  timeRef: 1382183887479
}

 INSIDE MonitorHandler- handleMessage beat {
  nodeId: "one"
  timeRef: 1382183887962
}

 INSIDE MonitorHandler- handleMessage beat {
  nodeId: "three"
  timeRef: 1382183892480
}

 INSIDE MonitorHandler- handleMessage beat {
  nodeId: "one"
  timeRef: 1382183892962
}

 INSIDE MonitorHandler- handleMessage beat {
  nodeId: "three"
  timeRef: 1382183897480
}

 INSIDE MonitorHandler- handleMessage beat {
  nodeId: "one"
  timeRef: 1382183897963
}

 INSIDE MonitorHandler- handleMessage beat {
  nodeId: "three"
  timeRef: 1382183902480
}

 INSIDE MonitorHandler- handleMessage beat {
  nodeId: "one"
  timeRef: 1382183902963
}

 INSIDE MonitorHandler- handleMessage beat {
  nodeId: "three"
  timeRef: 1382183907481
}

 INSIDE MonitorHandler- handleMessage beat {
  nodeId: "one"
  timeRef: 1382183907964
}

 INSIDE MonitorHandler- handleMessage beat {
  nodeId: "three"
  timeRef: 1382183912481
}

 INSIDE MonitorHandler- handleMessage beat {
  nodeId: "one"
  timeRef: 1382183912964
}

 INSIDE MonitorHandler- handleMessage beat {
  nodeId: "three"
  timeRef: 1382183917482
}

 INSIDE MonitorHandler- handleMessage beat {
  nodeId: "one"
  timeRef: 1382183917964
}

 INSIDE MonitorHandler- handleMessage beat {
  nodeId: "three"
  timeRef: 1382183922483
}

 INSIDE MonitorHandler- handleMessage beat {
  nodeId: "one"
  timeRef: 1382183922965
}

 INSIDE MonitorHandler- handleMessage beat {
  nodeId: "three"
  timeRef: 1382183927483
}

 INSIDE MonitorHandler- handleMessage beat {
  nodeId: "one"
  timeRef: 1382183927965
}

 INSIDE MonitorHandler- handleMessage beat {
  nodeId: "three"
  timeRef: 1382183932485
}

 INSIDE MonitorHandler- handleMessage beat {
  nodeId: "one"
  timeRef: 1382183932967
}

 INSIDE MonitorHandler- handleMessage beat {
  nodeId: "three"
  timeRef: 1382183937485
}

 INSIDE MonitorHandler- handleMessage beat {
  nodeId: "one"
  timeRef: 1382183937967
}

 INSIDE MonitorHandler- handleMessage beat {
  nodeId: "three"
  timeRef: 1382183942485
}

 INSIDE MonitorHandler- handleMessage beat {
  nodeId: "one"
  timeRef: 1382183942968
}

 INSIDE MonitorHandler- handleMessage beat {
  nodeId: "three"
  timeRef: 1382183947486
}

 INSIDE MonitorHandler- handleMessage beat {
  nodeId: "one"
  timeRef: 1382183947969
}

 INSIDE MonitorHandler- handleMessage beat {
  nodeId: "three"
  timeRef: 1382183952487
}

 INSIDE MonitorHandler- handleMessage beat {
  nodeId: "one"
  timeRef: 1382183952970
}

 INSIDE MonitorHandler- handleMessage beat {
  nodeId: "three"
  timeRef: 1382183957487
}

 INSIDE MonitorHandler- handleMessage beat {
  nodeId: "one"
  timeRef: 1382183957971
}

 INSIDE MonitorHandler- handleMessage beat {
  nodeId: "three"
  timeRef: 1382183962489
}

 INSIDE MonitorHandler- handleMessage beat {
  nodeId: "one"
  timeRef: 1382183962971
}

 INSIDE MonitorHandler- handleMessage beat {
  nodeId: "three"
  timeRef: 1382183967489
}

 INSIDE MonitorHandler- handleMessage beat {
  nodeId: "one"
  timeRef: 1382183967971
}

 INSIDE MonitorHandler- handleMessage beat {
  nodeId: "three"
  timeRef: 1382183972489
}

 INSIDE MonitorHandler- handleMessage beat {
  nodeId: "one"
  timeRef: 1382183972972
}

 INSIDE MonitorHandler- handleMessage beat {
  nodeId: "three"
  timeRef: 1382183977490
}

 INSIDE MonitorHandler- handleMessage beat {
  nodeId: "one"
  timeRef: 1382183977972
}

 INSIDE MonitorHandler- handleMessage beat {
  nodeId: "three"
  timeRef: 1382183982497
}

 INSIDE MonitorHandler- handleMessage beat {
  nodeId: "one"
  timeRef: 1382183982973
}

 INSIDE MonitorHandler- handleMessage beat {
  nodeId: "three"
  timeRef: 1382183987497
}

 INSIDE MonitorHandler- handleMessage beat {
  nodeId: "one"
  timeRef: 1382183987974
}

 INSIDE MonitorHandler- handleMessage beat {
  nodeId: "three"
  timeRef: 1382183992498
}

 INSIDE MonitorHandler- handleMessage beat {
  nodeId: "one"
  timeRef: 1382183992974
}

 INSIDE MonitorHandler- handleMessage beat {
  nodeId: "three"
  timeRef: 1382183997498
}

 INSIDE MonitorHandler- handleMessage beat {
  nodeId: "one"
  timeRef: 1382183997975
}

 INSIDE MonitorHandler- handleMessage beat {
  nodeId: "three"
  timeRef: 1382184002498
}

 INSIDE MonitorHandler- handleMessage beat {
  nodeId: "one"
  timeRef: 1382184002976
}

 INSIDE MonitorHandler- handleMessage beat {
  nodeId: "three"
  timeRef: 1382184007499
}

 INSIDE MonitorHandler- handleMessage beat {
  nodeId: "one"
  timeRef: 1382184007977
}

 INSIDE MonitorHandler- handleMessage beat {
  nodeId: "three"
  timeRef: 1382184012500
}

 INSIDE MonitorHandler- handleMessage beat {
  nodeId: "one"
  timeRef: 1382184012977
}

 INSIDE MonitorHandler- handleMessage beat {
  nodeId: "three"
  timeRef: 1382184017501
}

 INSIDE MonitorHandler- handleMessage beat {
  nodeId: "one"
  timeRef: 1382184017978
}

 INSIDE MonitorHandler- handleMessage beat {
  nodeId: "three"
  timeRef: 1382184022501
}

 INSIDE MonitorHandler- handleMessage beat {
  nodeId: "one"
  timeRef: 1382184022979
}

 INSIDE MonitorHandler- handleMessage beat {
  nodeId: "three"
  timeRef: 1382184027501
}

 INSIDE MonitorHandler- handleMessage beat {
  nodeId: "one"
  timeRef: 1382184027980
}

 INSIDE MonitorHandler- handleMessage beat {
  nodeId: "three"
  timeRef: 1382184032502
}

 INSIDE MonitorHandler- handleMessage beat {
  nodeId: "one"
  timeRef: 1382184032980
}

 INSIDE MonitorHandler- handleMessage beat {
  nodeId: "three"
  timeRef: 1382184037503
}

 INSIDE MonitorHandler- handleMessage beat {
  nodeId: "one"
  timeRef: 1382184037981
}

 INSIDE MonitorHandler- handleMessage beat {
  nodeId: "three"
  timeRef: 1382184042504
}

 INSIDE MonitorHandler- handleMessage beat {
  nodeId: "one"
  timeRef: 1382184042981
}

 INSIDE MonitorHandler- handleMessage beat {
  nodeId: "three"
  timeRef: 1382184047505
}

 INSIDE MonitorHandler- handleMessage beat {
  nodeId: "one"
  timeRef: 1382184047981
}

 INSIDE MonitorHandler- handleMessage beat {
  nodeId: "three"
  timeRef: 1382184052506
}

 INSIDE MonitorHandler- handleMessage beat {
  nodeId: "one"
  timeRef: 1382184052982
}

 INSIDE MonitorHandler- handleMessage beat {
  nodeId: "three"
  timeRef: 1382184057507
}

 INSIDE MonitorHandler- handleMessage beat {
  nodeId: "one"
  timeRef: 1382184057982
}

 INSIDE MonitorHandler- handleMessage beat {
  nodeId: "three"
  timeRef: 1382184062508
}

 INSIDE MonitorHandler- handleMessage beat {
  nodeId: "one"
  timeRef: 1382184062983
}

 INSIDE MonitorHandler- handleMessage beat {
  nodeId: "three"
  timeRef: 1382184067510
}

 INSIDE MonitorHandler- handleMessage beat {
  nodeId: "one"
  timeRef: 1382184067983
}

 INSIDE MonitorHandler- handleMessage beat {
  nodeId: "three"
  timeRef: 1382184072512
}

 INSIDE MonitorHandler- handleMessage beat {
  nodeId: "one"
  timeRef: 1382184072983
}

 INSIDE MonitorHandler- handleMessage beat {
  nodeId: "three"
  timeRef: 1382184077512
}

 INSIDE MonitorHandler- handleMessage beat {
  nodeId: "one"
  timeRef: 1382184077984
}

 INSIDE MonitorHandler- handleMessage beat {
  nodeId: "three"
  timeRef: 1382184082513
}

 INSIDE MonitorHandler- handleMessage beat {
  nodeId: "one"
  timeRef: 1382184082984
}

 INSIDE MonitorHandler- handleMessage beat {
  nodeId: "three"
  timeRef: 1382184087515
}

 INSIDE MonitorHandler- handleMessage beat {
  nodeId: "one"
  timeRef: 1382184087985
}

 INSIDE MonitorHandler- handleMessage beat {
  nodeId: "three"
  timeRef: 1382184092515
}

 INSIDE MonitorHandler- handleMessage beat {
  nodeId: "one"
  timeRef: 1382184092987
}

 INSIDE MonitorHandler- handleMessage beat {
  nodeId: "three"
  timeRef: 1382184097516
}

 INSIDE MonitorHandler- handleMessage beat {
  nodeId: "one"
  timeRef: 1382184097989
}

 INSIDE MonitorHandler- handleMessage beat {
  nodeId: "three"
  timeRef: 1382184102516
}

 INSIDE MonitorHandler- handleMessage beat {
  nodeId: "one"
  timeRef: 1382184102989
}

 INSIDE MonitorHandler- handleMessage beat {
  nodeId: "three"
  timeRef: 1382184107516
}

 INSIDE MonitorHandler- handleMessage beat {
  nodeId: "one"
  timeRef: 1382184107991
}

 INSIDE MonitorHandler- handleMessage beat {
  nodeId: "three"
  timeRef: 1382184112517
}

 INSIDE MonitorHandler- handleMessage beat {
  nodeId: "one"
  timeRef: 1382184112992
}

 INSIDE MonitorHandler- handleMessage beat {
  nodeId: "three"
  timeRef: 1382184117518
}

 INSIDE MonitorHandler- handleMessage beat {
  nodeId: "one"
  timeRef: 1382184117993
}

 INSIDE MonitorHandler- handleMessage beat {
  nodeId: "three"
  timeRef: 1382184122519
}

 INSIDE MonitorHandler- handleMessage beat {
  nodeId: "one"
  timeRef: 1382184122993
}

 INSIDE MonitorHandler- handleMessage beat {
  nodeId: "three"
  timeRef: 1382184127519
}

 INSIDE MonitorHandler- handleMessage beat {
  nodeId: "one"
  timeRef: 1382184127995
}

 INSIDE MonitorHandler- handleMessage beat {
  nodeId: "three"
  timeRef: 1382184132521
}

 INSIDE MonitorHandler- handleMessage beat {
  nodeId: "one"
  timeRef: 1382184132996
}

 INSIDE MonitorHandler- handleMessage beat {
  nodeId: "three"
  timeRef: 1382184137521
}

 INSIDE MonitorHandler- handleMessage beat {
  nodeId: "one"
  timeRef: 1382184137996
}

 INSIDE MonitorHandler- handleMessage beat {
  nodeId: "three"
  timeRef: 1382184142522
}

 INSIDE MonitorHandler- handleMessage beat {
  nodeId: "one"
  timeRef: 1382184142996
}

 INSIDE MonitorHandler- handleMessage beat {
  nodeId: "three"
  timeRef: 1382184147522
}

 INSIDE MonitorHandler- handleMessage beat {
  nodeId: "one"
  timeRef: 1382184147997
}

 INSIDE MonitorHandler- handleMessage beat {
  nodeId: "three"
  timeRef: 1382184152522
}

 INSIDE MonitorHandler- handleMessage beat {
  nodeId: "one"
  timeRef: 1382184152997
}

 INSIDE MonitorHandler- handleMessage beat {
  nodeId: "three"
  timeRef: 1382184157523
}

 INSIDE MonitorHandler- handleMessage beat {
  nodeId: "one"
  timeRef: 1382184157998
}

 INSIDE MonitorHandler- handleMessage beat {
  nodeId: "three"
  timeRef: 1382184162523
}

 INSIDE MonitorHandler- handleMessage beat {
  nodeId: "one"
  timeRef: 1382184162998
}

 INSIDE MonitorHandler- handleMessage beat {
  nodeId: "three"
  timeRef: 1382184167524
}

 INSIDE MonitorHandler- handleMessage beat {
  nodeId: "one"
  timeRef: 1382184167999
}

 INSIDE MonitorHandler- handleMessage beat {
  nodeId: "three"
  timeRef: 1382184172524
}

 INSIDE MonitorHandler- handleMessage beat {
  nodeId: "one"
  timeRef: 1382184173000
}

 INSIDE MonitorHandler- handleMessage beat {
  nodeId: "three"
  timeRef: 1382184177524
}

 INSIDE MonitorHandler- handleMessage beat {
  nodeId: "one"
  timeRef: 1382184178001
}

 INSIDE MonitorHandler- handleMessage beat {
  nodeId: "three"
  timeRef: 1382184182525
}

 INSIDE MonitorHandler- handleMessage beat {
  nodeId: "one"
  timeRef: 1382184183003
}

 INSIDE MonitorHandler- handleMessage beat {
  nodeId: "three"
  timeRef: 1382184187525
}

 INSIDE MonitorHandler- handleMessage beat {
  nodeId: "one"
  timeRef: 1382184188004
}

 INSIDE MonitorHandler- handleMessage beat {
  nodeId: "three"
  timeRef: 1382184192526
}

 INSIDE MonitorHandler- handleMessage beat {
  nodeId: "one"
  timeRef: 1382184193005
}

 INSIDE MonitorHandler- handleMessage beat {
  nodeId: "three"
  timeRef: 1382184197526
}

 INSIDE MonitorHandler- handleMessage beat {
  nodeId: "one"
  timeRef: 1382184198006
}

 INSIDE MonitorHandler- handleMessage beat {
  nodeId: "three"
  timeRef: 1382184202528
}

 INSIDE MonitorHandler- handleMessage beat {
  nodeId: "one"
  timeRef: 1382184203007
}

 INSIDE MonitorHandler- handleMessage beat {
  nodeId: "three"
  timeRef: 1382184207528
}

 INSIDE MonitorHandler- handleMessage beat {
  nodeId: "one"
  timeRef: 1382184208007
}

 INSIDE MonitorHandler- handleMessage beat {
  nodeId: "three"
  timeRef: 1382184212528
}

 INSIDE MonitorHandler- handleMessage beat {
  nodeId: "one"
  timeRef: 1382184213007
}

 INSIDE MonitorHandler- handleMessage beat {
  nodeId: "three"
  timeRef: 1382184217529
}

 INSIDE MonitorHandler- handleMessage beat {
  nodeId: "one"
  timeRef: 1382184218008
}

 INSIDE MonitorHandler- handleMessage beat {
  nodeId: "three"
  timeRef: 1382184222529
}

 INSIDE MonitorHandler- handleMessage beat {
  nodeId: "one"
  timeRef: 1382184223009
}

 INSIDE MonitorHandler- handleMessage beat {
  nodeId: "three"
  timeRef: 1382184227530
}

 INSIDE MonitorHandler- handleMessage beat {
  nodeId: "one"
  timeRef: 1382184228009
}

 INSIDE MonitorHandler- handleMessage beat {
  nodeId: "three"
  timeRef: 1382184232530
}

 INSIDE MonitorHandler- handleMessage beat {
  nodeId: "one"
  timeRef: 1382184233010
}

 INSIDE MonitorHandler- handleMessage beat {
  nodeId: "three"
  timeRef: 1382184237531
}

 INSIDE MonitorHandler- handleMessage beat {
  nodeId: "one"
  timeRef: 1382184238010
}

 INSIDE MonitorHandler- handleMessage beat {
  nodeId: "three"
  timeRef: 1382184242532
}

 INSIDE MonitorHandler- handleMessage beat {
  nodeId: "one"
  timeRef: 1382184243011
}

 INSIDE MonitorHandler- handleMessage beat {
  nodeId: "three"
  timeRef: 1382184247532
}

 INSIDE MonitorHandler- handleMessage beat {
  nodeId: "one"
  timeRef: 1382184248011
}

 INSIDE MonitorHandler- handleMessage beat {
  nodeId: "three"
  timeRef: 1382184252532
}

 INSIDE MonitorHandler- handleMessage beat {
  nodeId: "one"
  timeRef: 1382184253011
}

 INSIDE MonitorHandler- handleMessage beat {
  nodeId: "three"
  timeRef: 1382184257533
}

 INSIDE MonitorHandler- handleMessage beat {
  nodeId: "one"
  timeRef: 1382184258012
}

 INSIDE MonitorHandler- handleMessage beat {
  nodeId: "three"
  timeRef: 1382184262533
}

 INSIDE MonitorHandler- handleMessage beat {
  nodeId: "one"
  timeRef: 1382184263012
}

 INSIDE MonitorHandler- handleMessage beat {
  nodeId: "three"
  timeRef: 1382184267534
}

 INSIDE MonitorHandler- handleMessage beat {
  nodeId: "one"
  timeRef: 1382184268014
}

 INSIDE MonitorHandler- handleMessage beat {
  nodeId: "three"
  timeRef: 1382184272534
}

 INSIDE MonitorHandler- handleMessage beat {
  nodeId: "one"
  timeRef: 1382184273015
}

 INSIDE MonitorHandler- handleMessage beat {
  nodeId: "three"
  timeRef: 1382184277534
}

 INSIDE MonitorHandler- handleMessage beat {
  nodeId: "one"
  timeRef: 1382184278016
}

 INSIDE MonitorHandler- handleMessage beat {
  nodeId: "three"
  timeRef: 1382184282535
}

 INSIDE MonitorHandler- handleMessage beat {
  nodeId: "one"
  timeRef: 1382184283018
}

 INSIDE MonitorHandler- handleMessage beat {
  nodeId: "three"
  timeRef: 1382184287536
}

 INSIDE MonitorHandler- handleMessage beat {
  nodeId: "one"
  timeRef: 1382184288018
}

 INSIDE MonitorHandler- handleMessage beat {
  nodeId: "three"
  timeRef: 1382184292536
}

 INSIDE MonitorHandler- handleMessage beat {
  nodeId: "one"
  timeRef: 1382184293019
}

 INSIDE MonitorHandler- handleMessage beat {
  nodeId: "three"
  timeRef: 1382184297537
}

 INSIDE MonitorHandler- handleMessage beat {
  nodeId: "one"
  timeRef: 1382184298020
}

 INSIDE MonitorHandler- handleMessage beat {
  nodeId: "three"
  timeRef: 1382184302538
}

 INSIDE MonitorHandler- handleMessage beat {
  nodeId: "one"
  timeRef: 1382184303021
}

 INSIDE MonitorHandler- handleMessage beat {
  nodeId: "three"
  timeRef: 1382184307538
}

 INSIDE MonitorHandler- handleMessage beat {
  nodeId: "one"
  timeRef: 1382184308022
}

 INSIDE MonitorHandler- handleMessage beat {
  nodeId: "three"
  timeRef: 1382184312539
}

 INSIDE MonitorHandler- handleMessage beat {
  nodeId: "one"
  timeRef: 1382184313023
}

 INSIDE MonitorHandler- handleMessage beat {
  nodeId: "three"
  timeRef: 1382184317539
}

 INSIDE MonitorHandler- handleMessage beat {
  nodeId: "one"
  timeRef: 1382184318024
}

 INSIDE MonitorHandler- handleMessage beat {
  nodeId: "three"
  timeRef: 1382184322541
}

 INSIDE MonitorHandler- handleMessage beat {
  nodeId: "one"
  timeRef: 1382184323026
}

 INSIDE MonitorHandler- handleMessage beat {
  nodeId: "three"
  timeRef: 1382184327542
}

 INSIDE MonitorHandler- handleMessage beat {
  nodeId: "one"
  timeRef: 1382184328027
}

 INSIDE MonitorHandler- handleMessage beat {
  nodeId: "three"
  timeRef: 1382184332543
}

 INSIDE MonitorHandler- handleMessage beat {
  nodeId: "one"
  timeRef: 1382184333027
}

 INSIDE MonitorHandler- handleMessage beat {
  nodeId: "three"
  timeRef: 1382184337543
}

 INSIDE MonitorHandler- handleMessage beat {
  nodeId: "one"
  timeRef: 1382184338028
}

 INSIDE MonitorHandler- handleMessage beat {
  nodeId: "three"
  timeRef: 1382184342543
}

 INSIDE MonitorHandler- handleMessage beat {
  nodeId: "one"
  timeRef: 1382184343028
}

 INSIDE MonitorHandler- handleMessage beat {
  nodeId: "three"
  timeRef: 1382184347544
}

 INSIDE MonitorHandler- handleMessage beat {
  nodeId: "one"
  timeRef: 1382184348029
}

 INSIDE MonitorHandler- handleMessage beat {
  nodeId: "three"
  timeRef: 1382184352544
}

 INSIDE MonitorHandler- handleMessage beat {
  nodeId: "one"
  timeRef: 1382184353030
}

 INSIDE MonitorHandler- handleMessage beat {
  nodeId: "three"
  timeRef: 1382184357544
}

 INSIDE MonitorHandler- handleMessage beat {
  nodeId: "one"
  timeRef: 1382184358032
}

 INSIDE MonitorHandler- handleMessage beat {
  nodeId: "three"
  timeRef: 1382184362546
}

 INSIDE MonitorHandler- handleMessage beat {
  nodeId: "one"
  timeRef: 1382184363032
}

 INSIDE MonitorHandler- handleMessage beat {
  nodeId: "three"
  timeRef: 1382184367546
}

 INSIDE MonitorHandler- handleMessage beat {
  nodeId: "one"
  timeRef: 1382184368033
}

 INSIDE MonitorHandler- handleMessage beat {
  nodeId: "three"
  timeRef: 1382184372547
}

 INSIDE MonitorHandler- handleMessage beat {
  nodeId: "one"
  timeRef: 1382184373033
}

 INSIDE MonitorHandler- handleMessage beat {
  nodeId: "three"
  timeRef: 1382184377548
}

 INSIDE MonitorHandler- handleMessage beat {
  nodeId: "one"
  timeRef: 1382184378033
}

 INSIDE MonitorHandler- handleMessage beat {
  nodeId: "three"
  timeRef: 1382184382549
}

 INSIDE MonitorHandler- handleMessage beat {
  nodeId: "one"
  timeRef: 1382184383035
}

 INSIDE MonitorHandler- handleMessage beat {
  nodeId: "three"
  timeRef: 1382184387549
}

 INSIDE MonitorHandler- handleMessage beat {
  nodeId: "one"
  timeRef: 1382184388035
}

 INSIDE MonitorHandler- handleMessage beat {
  nodeId: "three"
  timeRef: 1382184392550
}

 INSIDE MonitorHandler- handleMessage beat {
  nodeId: "one"
  timeRef: 1382184393036
}

 INSIDE MonitorHandler- handleMessage beat {
  nodeId: "three"
  timeRef: 1382184397550
}

 INSIDE MonitorHandler- handleMessage beat {
  nodeId: "one"
  timeRef: 1382184398036
}

 INSIDE MonitorHandler- handleMessage beat {
  nodeId: "three"
  timeRef: 1382184402551
}

 INSIDE MonitorHandler- handleMessage beat {
  nodeId: "one"
  timeRef: 1382184403038
}

 INSIDE MonitorHandler- handleMessage beat {
  nodeId: "three"
  timeRef: 1382184407551
}

 INSIDE MonitorHandler- handleMessage beat {
  nodeId: "one"
  timeRef: 1382184408039
}

 INSIDE MonitorHandler- handleMessage beat {
  nodeId: "three"
  timeRef: 1382184412553
}

 INSIDE MonitorHandler- handleMessage beat {
  nodeId: "one"
  timeRef: 1382184413040
}

 INSIDE MonitorHandler- handleMessage beat {
  nodeId: "three"
  timeRef: 1382184417554
}

 INSIDE MonitorHandler- handleMessage beat {
  nodeId: "one"
  timeRef: 1382184418040
}

 INSIDE MonitorHandler- handleMessage beat {
  nodeId: "three"
  timeRef: 1382184422554
}

 INSIDE MonitorHandler- handleMessage beat {
  nodeId: "one"
  timeRef: 1382184423041
}

 INSIDE MonitorHandler- handleMessage beat {
  nodeId: "three"
  timeRef: 1382184427554
}

 INSIDE MonitorHandler- handleMessage beat {
  nodeId: "one"
  timeRef: 1382184428042
}

 INSIDE MonitorHandler- handleMessage beat {
  nodeId: "three"
  timeRef: 1382184432556
}

 INSIDE MonitorHandler- handleMessage beat {
  nodeId: "one"
  timeRef: 1382184433042
}

 INSIDE MonitorHandler- handleMessage beat {
  nodeId: "three"
  timeRef: 1382184437557
}

 INSIDE MonitorHandler- handleMessage beat {
  nodeId: "one"
  timeRef: 1382184438042
}

 INSIDE MonitorHandler- handleMessage beat {
  nodeId: "three"
  timeRef: 1382184442557
}

 INSIDE MonitorHandler- handleMessage beat {
  nodeId: "one"
  timeRef: 1382184443043
}

 INSIDE MonitorHandler- handleMessage beat {
  nodeId: "three"
  timeRef: 1382184447557
}

 INSIDE MonitorHandler- handleMessage beat {
  nodeId: "one"
  timeRef: 1382184448044
}

 INSIDE MonitorHandler- handleMessage beat {
  nodeId: "three"
  timeRef: 1382184452559
}

 INSIDE MonitorHandler- handleMessage beat {
  nodeId: "one"
  timeRef: 1382184453044
}

 INSIDE MonitorHandler- handleMessage beat {
  nodeId: "three"
  timeRef: 1382184457561
}

 INSIDE MonitorHandler- handleMessage beat {
  nodeId: "one"
  timeRef: 1382184458044
}

 INSIDE MonitorHandler- handleMessage beat {
  nodeId: "three"
  timeRef: 1382184462562
}

 INSIDE MonitorHandler- handleMessage beat {
  nodeId: "one"
  timeRef: 1382184463045
}

 INSIDE MonitorHandler- handleMessage beat {
  nodeId: "three"
  timeRef: 1382184467563
}

 INSIDE MonitorHandler- handleMessage beat {
  nodeId: "one"
  timeRef: 1382184468046
}

 INSIDE MonitorHandler- handleMessage beat {
  nodeId: "three"
  timeRef: 1382184472564
}

 INSIDE MonitorHandler- handleMessage beat {
  nodeId: "one"
  timeRef: 1382184473047
}

 INSIDE MonitorHandler- handleMessage beat {
  nodeId: "three"
  timeRef: 1382184477564
}

 INSIDE MonitorHandler- handleMessage beat {
  nodeId: "one"
  timeRef: 1382184478047
}

 INSIDE MonitorHandler- handleMessage beat {
  nodeId: "three"
  timeRef: 1382184482565
}

 INSIDE MonitorHandler- handleMessage beat {
  nodeId: "one"
  timeRef: 1382184483048
}

 INSIDE MonitorHandler- handleMessage beat {
  nodeId: "three"
  timeRef: 1382184487567
}

 INSIDE MonitorHandler- handleMessage beat {
  nodeId: "one"
  timeRef: 1382184488048
}

 INSIDE MonitorHandler- handleMessage beat {
  nodeId: "three"
  timeRef: 1382184492567
}

 INSIDE MonitorHandler- handleMessage beat {
  nodeId: "one"
  timeRef: 1382184493048
}

 INSIDE MonitorHandler- handleMessage beat {
  nodeId: "three"
  timeRef: 1382184497568
}

 INSIDE MonitorHandler- handleMessage beat {
  nodeId: "one"
  timeRef: 1382184498050
}

 INSIDE MonitorHandler- handleMessage beat {
  nodeId: "three"
  timeRef: 1382184502568
}

 INSIDE MonitorHandler- handleMessage beat {
  nodeId: "one"
  timeRef: 1382184503051
}

 INSIDE MonitorHandler- handleMessage beat {
  nodeId: "three"
  timeRef: 1382184507568
}

 INSIDE MonitorHandler- handleMessage beat {
  nodeId: "one"
  timeRef: 1382184508052
}

 INSIDE MonitorHandler- handleMessage beat {
  nodeId: "three"
  timeRef: 1382184512569
}

 INSIDE MonitorHandler- handleMessage beat {
  nodeId: "one"
  timeRef: 1382184513054
}

 INSIDE MonitorHandler- handleMessage beat {
  nodeId: "three"
  timeRef: 1382184517570
}

 INSIDE MonitorHandler- handleMessage beat {
  nodeId: "one"
  timeRef: 1382184518054
}

 INSIDE MonitorHandler- handleMessage beat {
  nodeId: "three"
  timeRef: 1382184522572
}

 INSIDE MonitorHandler- handleMessage beat {
  nodeId: "one"
  timeRef: 1382184523055
}

 INSIDE MonitorHandler- handleMessage beat {
  nodeId: "three"
  timeRef: 1382184527572
}

 INSIDE MonitorHandler- handleMessage beat {
  nodeId: "one"
  timeRef: 1382184528055
}

 INSIDE MonitorHandler- handleMessage beat {
  nodeId: "three"
  timeRef: 1382184532574
}

 INSIDE MonitorHandler- handleMessage beat {
  nodeId: "one"
  timeRef: 1382184533057
}

 INSIDE MonitorHandler- handleMessage beat {
  nodeId: "three"
  timeRef: 1382184537574
}

 INSIDE MonitorHandler- handleMessage beat {
  nodeId: "one"
  timeRef: 1382184538057
}

 INSIDE MonitorHandler- handleMessage beat {
  nodeId: "three"
  timeRef: 1382184542575
}

 INSIDE MonitorHandler- handleMessage beat {
  nodeId: "one"
  timeRef: 1382184543058
}

 INSIDE MonitorHandler- handleMessage beat {
  nodeId: "three"
  timeRef: 1382184547576
}

 INSIDE MonitorHandler- handleMessage beat {
  nodeId: "one"
  timeRef: 1382184548058
}

 INSIDE MonitorHandler- handleMessage beat {
  nodeId: "three"
  timeRef: 1382184552576
}

 INSIDE MonitorHandler- handleMessage beat {
  nodeId: "one"
  timeRef: 1382184553058
}

 INSIDE MonitorHandler- handleMessage beat {
  nodeId: "three"
  timeRef: 1382184557578
}

 INSIDE MonitorHandler- handleMessage beat {
  nodeId: "one"
  timeRef: 1382184558058
}

 INSIDE MonitorHandler- handleMessage beat {
  nodeId: "three"
  timeRef: 1382184562578
}

 INSIDE MonitorHandler- handleMessage beat {
  nodeId: "one"
  timeRef: 1382184563059
}

 INSIDE MonitorHandler- handleMessage beat {
  nodeId: "three"
  timeRef: 1382184567579
}

 INSIDE MonitorHandler- handleMessage beat {
  nodeId: "one"
  timeRef: 1382184568059
}

 INSIDE MonitorHandler- handleMessage beat {
  nodeId: "three"
  timeRef: 1382184572580
}

 INSIDE MonitorHandler- handleMessage beat {
  nodeId: "one"
  timeRef: 1382184573060
}

 INSIDE MonitorHandler- handleMessage beat {
  nodeId: "three"
  timeRef: 1382184577580
}

 INSIDE MonitorHandler- handleMessage beat {
  nodeId: "one"
  timeRef: 1382184578061
}

 INSIDE MonitorHandler- handleMessage beat {
  nodeId: "three"
  timeRef: 1382184582581
}

 INSIDE MonitorHandler- handleMessage beat {
  nodeId: "one"
  timeRef: 1382184583061
}

 INSIDE MonitorHandler- handleMessage beat {
  nodeId: "three"
  timeRef: 1382184587581
}

 INSIDE MonitorHandler- handleMessage beat {
  nodeId: "one"
  timeRef: 1382184588062
}

 INSIDE MonitorHandler- handleMessage beat {
  nodeId: "three"
  timeRef: 1382184592581
}

 INSIDE MonitorHandler- handleMessage beat {
  nodeId: "one"
  timeRef: 1382184593062
}

 INSIDE MonitorHandler- handleMessage beat {
  nodeId: "three"
  timeRef: 1382184597581
}

 INSIDE MonitorHandler- handleMessage beat {
  nodeId: "one"
  timeRef: 1382184598063
}

 INSIDE MonitorHandler- handleMessage beat {
  nodeId: "three"
  timeRef: 1382184602582
}

 INSIDE MonitorHandler- handleMessage beat {
  nodeId: "one"
  timeRef: 1382184603064
}

 INSIDE MonitorHandler- handleMessage beat {
  nodeId: "three"
  timeRef: 1382184607582
}

 INSIDE MonitorHandler- handleMessage beat {
  nodeId: "one"
  timeRef: 1382184608066
}

 INSIDE MonitorHandler- handleMessage beat {
  nodeId: "three"
  timeRef: 1382184612582
}

 INSIDE MonitorHandler- handleMessage beat {
  nodeId: "one"
  timeRef: 1382184613066
}

 INSIDE MonitorHandler- handleMessage beat {
  nodeId: "three"
  timeRef: 1382184617584
}

 INSIDE MonitorHandler- handleMessage beat {
  nodeId: "one"
  timeRef: 1382184618066
}

 INSIDE MonitorHandler- handleMessage beat {
  nodeId: "three"
  timeRef: 1382184622585
}

 INSIDE MonitorHandler- handleMessage beat {
  nodeId: "one"
  timeRef: 1382184623067
}

 INSIDE MonitorHandler- handleMessage beat {
  nodeId: "three"
  timeRef: 1382184627586
}

 INSIDE MonitorHandler- handleMessage beat {
  nodeId: "one"
  timeRef: 1382184628069
}

 INSIDE MonitorHandler- handleMessage beat {
  nodeId: "three"
  timeRef: 1382184632586
}

 INSIDE MonitorHandler- handleMessage beat {
  nodeId: "one"
  timeRef: 1382184633069
}

 INSIDE MonitorHandler- handleMessage beat {
  nodeId: "three"
  timeRef: 1382184637586
}

 INSIDE MonitorHandler- handleMessage beat {
  nodeId: "one"
  timeRef: 1382184638071
}

 INSIDE MonitorHandler- handleMessage beat {
  nodeId: "three"
  timeRef: 1382184642587
}

 INSIDE MonitorHandler- handleMessage beat {
  nodeId: "one"
  timeRef: 1382184643072
}

 INSIDE MonitorHandler- handleMessage beat {
  nodeId: "three"
  timeRef: 1382184647589
}

 INSIDE MonitorHandler- handleMessage beat {
  nodeId: "one"
  timeRef: 1382184648072
}

 INSIDE MonitorHandler- handleMessage beat {
  nodeId: "three"
  timeRef: 1382184652590
}

 INSIDE MonitorHandler- handleMessage beat {
  nodeId: "one"
  timeRef: 1382184653073
}

 INSIDE MonitorHandler- handleMessage beat {
  nodeId: "three"
  timeRef: 1382184657590
}

 INSIDE MonitorHandler- handleMessage beat {
  nodeId: "one"
  timeRef: 1382184658073
}

 INSIDE MonitorHandler- handleMessage beat {
  nodeId: "three"
  timeRef: 1382184662590
}

 INSIDE MonitorHandler- handleMessage beat {
  nodeId: "one"
  timeRef: 1382184663073
}

 INSIDE MonitorHandler- handleMessage beat {
  nodeId: "three"
  timeRef: 1382184667591
}

 INSIDE MonitorHandler- handleMessage beat {
  nodeId: "one"
  timeRef: 1382184668074
}

 INSIDE MonitorHandler- handleMessage beat {
  nodeId: "three"
  timeRef: 1382184672592
}

 INSIDE MonitorHandler- handleMessage beat {
  nodeId: "one"
  timeRef: 1382184673074
}

 INSIDE MonitorHandler- handleMessage beat {
  nodeId: "three"
  timeRef: 1382184677593
}

 INSIDE MonitorHandler- handleMessage beat {
  nodeId: "one"
  timeRef: 1382184678074
}

 INSIDE MonitorHandler- handleMessage beat {
  nodeId: "three"
  timeRef: 1382184682593
}

 INSIDE MonitorHandler- handleMessage beat {
  nodeId: "one"
  timeRef: 1382184683075
}

 INSIDE MonitorHandler- handleMessage beat {
  nodeId: "three"
  timeRef: 1382184687593
}

 INSIDE MonitorHandler- handleMessage beat {
  nodeId: "one"
  timeRef: 1382184688076
}

 INSIDE MonitorHandler- handleMessage beat {
  nodeId: "three"
  timeRef: 1382184692596
}

 INSIDE MonitorHandler- handleMessage beat {
  nodeId: "one"
  timeRef: 1382184693077
}

 INSIDE MonitorHandler- handleMessage beat {
  nodeId: "three"
  timeRef: 1382184697596
}

 INSIDE MonitorHandler- handleMessage beat {
  nodeId: "one"
  timeRef: 1382184698078
}

 INSIDE MonitorHandler- handleMessage beat {
  nodeId: "three"
  timeRef: 1382184702596
}

 INSIDE MonitorHandler- handleMessage beat {
  nodeId: "one"
  timeRef: 1382184703079
}

 INSIDE MonitorHandler- handleMessage beat {
  nodeId: "three"
  timeRef: 1382184707597
}

 INSIDE MonitorHandler- handleMessage beat {
  nodeId: "one"
  timeRef: 1382184708079
}

 INSIDE MonitorHandler- handleMessage beat {
  nodeId: "three"
  timeRef: 1382184712597
}

 INSIDE MonitorHandler- handleMessage beat {
  nodeId: "one"
  timeRef: 1382184713081
}

 INSIDE MonitorHandler- handleMessage beat {
  nodeId: "three"
  timeRef: 1382184717597
}

 INSIDE MonitorHandler- handleMessage beat {
  nodeId: "one"
  timeRef: 1382184718082
}

 INSIDE MonitorHandler- handleMessage beat {
  nodeId: "three"
  timeRef: 1382184722597
}

 INSIDE MonitorHandler- handleMessage beat {
  nodeId: "one"
  timeRef: 1382184723084
}

 INSIDE MonitorHandler- handleMessage beat {
  nodeId: "three"
  timeRef: 1382184727598
}

 INSIDE MonitorHandler- handleMessage beat {
  nodeId: "one"
  timeRef: 1382184728084
}

 INSIDE MonitorHandler- handleMessage beat {
  nodeId: "three"
  timeRef: 1382184732598
}

 INSIDE MonitorHandler- handleMessage beat {
  nodeId: "one"
  timeRef: 1382184733084
}

 INSIDE MonitorHandler- handleMessage beat {
  nodeId: "three"
  timeRef: 1382184737599
}

 INSIDE MonitorHandler- handleMessage beat {
  nodeId: "one"
  timeRef: 1382184738085
}

 INSIDE MonitorHandler- handleMessage beat {
  nodeId: "three"
  timeRef: 1382184742599
}

 INSIDE MonitorHandler- handleMessage beat {
  nodeId: "one"
  timeRef: 1382184743085
}

 INSIDE MonitorHandler- handleMessage beat {
  nodeId: "three"
  timeRef: 1382184747599
}

 INSIDE MonitorHandler- handleMessage beat {
  nodeId: "one"
  timeRef: 1382184748085
}

 INSIDE MonitorHandler- handleMessage beat {
  nodeId: "three"
  timeRef: 1382184752600
}

 INSIDE MonitorHandler- handleMessage beat {
  nodeId: "one"
  timeRef: 1382184753086
}

 INSIDE MonitorHandler- handleMessage beat {
  nodeId: "three"
  timeRef: 1382184757600
}

 INSIDE MonitorHandler- handleMessage beat {
  nodeId: "one"
  timeRef: 1382184758087
}

 INSIDE MonitorHandler- handleMessage beat {
  nodeId: "three"
  timeRef: 1382184762601
}

 INSIDE MonitorHandler- handleMessage beat {
  nodeId: "one"
  timeRef: 1382184763088
}

 INSIDE MonitorHandler- handleMessage beat {
  nodeId: "three"
  timeRef: 1382184767602
}

 INSIDE MonitorHandler- handleMessage beat {
  nodeId: "one"
  timeRef: 1382184768090
}

 INSIDE MonitorHandler- handleMessage beat {
  nodeId: "three"
  timeRef: 1382184772604
}

 INSIDE MonitorHandler- handleMessage beat {
  nodeId: "one"
  timeRef: 1382184773090
}

 INSIDE MonitorHandler- handleMessage beat {
  nodeId: "three"
  timeRef: 1382184777604
}

 INSIDE MonitorHandler- handleMessage beat {
  nodeId: "one"
  timeRef: 1382184778091
}

 INSIDE MonitorHandler- handleMessage beat {
  nodeId: "three"
  timeRef: 1382184782604
}

 INSIDE MonitorHandler- handleMessage beat {
  nodeId: "one"
  timeRef: 1382184783092
}

 INSIDE MonitorHandler- handleMessage beat {
  nodeId: "three"
  timeRef: 1382184787605
}

 INSIDE MonitorHandler- handleMessage beat {
  nodeId: "one"
  timeRef: 1382184788093
}

 INSIDE MonitorHandler- handleMessage beat {
  nodeId: "three"
  timeRef: 1382184792605
}

 INSIDE MonitorHandler- handleMessage beat {
  nodeId: "one"
  timeRef: 1382184793093
}

 INSIDE MonitorHandler- handleMessage beat {
  nodeId: "three"
  timeRef: 1382184797607
}

 INSIDE MonitorHandler- handleMessage beat {
  nodeId: "one"
  timeRef: 1382184798094
}

 INSIDE MonitorHandler- handleMessage beat {
  nodeId: "three"
  timeRef: 1382184802608
}

 INSIDE MonitorHandler- handleMessage beat {
  nodeId: "one"
  timeRef: 1382184803094
}

 INSIDE MonitorHandler- handleMessage beat {
  nodeId: "three"
  timeRef: 1382184807610
}

 INSIDE MonitorHandler- handleMessage beat {
  nodeId: "one"
  timeRef: 1382184808095
}

 INSIDE MonitorHandler- handleMessage beat {
  nodeId: "three"
  timeRef: 1382184812611
}

 INSIDE MonitorHandler- handleMessage beat {
  nodeId: "one"
  timeRef: 1382184813097
}

 INSIDE MonitorHandler- handleMessage beat {
  nodeId: "three"
  timeRef: 1382184817613
}

 INSIDE MonitorHandler- handleMessage beat {
  nodeId: "one"
  timeRef: 1382184818097
}

 INSIDE MonitorHandler- handleMessage beat {
  nodeId: "three"
  timeRef: 1382184822614
}

 INSIDE MonitorHandler- handleMessage beat {
  nodeId: "one"
  timeRef: 1382184823098
}

 INSIDE MonitorHandler- handleMessage beat {
  nodeId: "three"
  timeRef: 1382184827615
}

 INSIDE MonitorHandler- handleMessage beat {
  nodeId: "one"
  timeRef: 1382184828099
}

 INSIDE MonitorHandler- handleMessage beat {
  nodeId: "three"
  timeRef: 1382184832616
}

 INSIDE MonitorHandler- handleMessage beat {
  nodeId: "one"
  timeRef: 1382184833100
}

 INSIDE MonitorHandler- handleMessage beat {
  nodeId: "three"
  timeRef: 1382184837616
}

 INSIDE MonitorHandler- handleMessage beat {
  nodeId: "one"
  timeRef: 1382184838101
}

 INSIDE MonitorHandler- handleMessage beat {
  nodeId: "three"
  timeRef: 1382184842616
}

 INSIDE MonitorHandler- handleMessage beat {
  nodeId: "one"
  timeRef: 1382184843102
}

 INSIDE MonitorHandler- handleMessage beat {
  nodeId: "three"
  timeRef: 1382184847617
}

 INSIDE MonitorHandler- handleMessage beat {
  nodeId: "one"
  timeRef: 1382184848103
}

 INSIDE MonitorHandler- handleMessage beat {
  nodeId: "three"
  timeRef: 1382184852618
}

 INSIDE MonitorHandler- handleMessage beat {
  nodeId: "one"
  timeRef: 1382184853104
}

 INSIDE MonitorHandler- handleMessage beat {
  nodeId: "three"
  timeRef: 1382184857618
}

 INSIDE MonitorHandler- handleMessage beat {
  nodeId: "one"
  timeRef: 1382184858104
}

 INSIDE MonitorHandler- handleMessage beat {
  nodeId: "three"
  timeRef: 1382184862619
}

 INSIDE MonitorHandler- handleMessage beat {
  nodeId: "one"
  timeRef: 1382184863105
}

 INSIDE MonitorHandler- handleMessage beat {
  nodeId: "three"
  timeRef: 1382184867621
}

 INSIDE MonitorHandler- handleMessage beat {
  nodeId: "one"
  timeRef: 1382184868106
}

 INSIDE MonitorHandler- handleMessage beat {
  nodeId: "three"
  timeRef: 1382184872621
}

 INSIDE MonitorHandler- handleMessage beat {
  nodeId: "one"
  timeRef: 1382184873107
}

 INSIDE MonitorHandler- handleMessage beat {
  nodeId: "three"
  timeRef: 1382184877622
}

 INSIDE MonitorHandler- handleMessage beat {
  nodeId: "one"
  timeRef: 1382184878108
}

 INSIDE MonitorHandler- handleMessage beat {
  nodeId: "three"
  timeRef: 1382184882622
}

 INSIDE MonitorHandler- handleMessage beat {
  nodeId: "one"
  timeRef: 1382184883110
}

 INSIDE MonitorHandler- handleMessage beat {
  nodeId: "three"
  timeRef: 1382184887622
}

 INSIDE MonitorHandler- handleMessage beat {
  nodeId: "one"
  timeRef: 1382184888110
}

 INSIDE MonitorHandler- handleMessage beat {
  nodeId: "three"
  timeRef: 1382184892623
}

 INSIDE MonitorHandler- handleMessage beat {
  nodeId: "one"
  timeRef: 1382184893111
}

 INSIDE MonitorHandler- handleMessage beat {
  nodeId: "three"
  timeRef: 1382184897623
}

 INSIDE MonitorHandler- handleMessage beat {
  nodeId: "one"
  timeRef: 1382184898111
}

 INSIDE MonitorHandler- handleMessage beat {
  nodeId: "three"
  timeRef: 1382184902623
}

 INSIDE MonitorHandler- handleMessage beat {
  nodeId: "one"
  timeRef: 1382184903111
}

 INSIDE MonitorHandler- handleMessage beat {
  nodeId: "three"
  timeRef: 1382184907624
}

 INSIDE MonitorHandler- handleMessage beat {
  nodeId: "one"
  timeRef: 1382184908112
}

 INSIDE MonitorHandler- handleMessage beat {
  nodeId: "three"
  timeRef: 1382184912625
}

 INSIDE MonitorHandler- handleMessage beat {
  nodeId: "one"
  timeRef: 1382184913112
}

 INSIDE MonitorHandler- handleMessage beat {
  nodeId: "three"
  timeRef: 1382184917626
}

 INSIDE MonitorHandler- handleMessage beat {
  nodeId: "one"
  timeRef: 1382184918113
}

 INSIDE MonitorHandler- handleMessage beat {
  nodeId: "three"
  timeRef: 1382184922628
}

 INSIDE MonitorHandler- handleMessage beat {
  nodeId: "one"
  timeRef: 1382184923114
}

 INSIDE MonitorHandler- handleMessage beat {
  nodeId: "three"
  timeRef: 1382184927629
}

 INSIDE MonitorHandler- handleMessage beat {
  nodeId: "one"
  timeRef: 1382184928115
}

 INSIDE MonitorHandler- handleMessage beat {
  nodeId: "three"
  timeRef: 1382184932629
}

 INSIDE MonitorHandler- handleMessage beat {
  nodeId: "one"
  timeRef: 1382184933116
}

 INSIDE MonitorHandler- handleMessage beat {
  nodeId: "three"
  timeRef: 1382184937629
}

 INSIDE MonitorHandler- handleMessage beat {
  nodeId: "one"
  timeRef: 1382184938116
}

 INSIDE MonitorHandler- handleMessage beat {
  nodeId: "three"
  timeRef: 1382184942630
}

 INSIDE MonitorHandler- handleMessage beat {
  nodeId: "one"
  timeRef: 1382184943116
}

 INSIDE MonitorHandler- handleMessage beat {
  nodeId: "three"
  timeRef: 1382184947630
}

 INSIDE MonitorHandler- handleMessage beat {
  nodeId: "one"
  timeRef: 1382184948117
}

 INSIDE MonitorHandler- handleMessage beat {
  nodeId: "three"
  timeRef: 1382184952631
}

 INSIDE MonitorHandler- handleMessage beat {
  nodeId: "one"
  timeRef: 1382184953119
}

 INSIDE MonitorHandler- handleMessage beat {
  nodeId: "three"
  timeRef: 1382184957632
}

 INSIDE MonitorHandler- handleMessage beat {
  nodeId: "one"
  timeRef: 1382184958119
}

 INSIDE MonitorHandler- handleMessage beat {
  nodeId: "three"
  timeRef: 1382184962634
}

 INSIDE MonitorHandler- handleMessage beat {
  nodeId: "one"
  timeRef: 1382184963120
}

 INSIDE MonitorHandler- handleMessage beat {
  nodeId: "three"
  timeRef: 1382184967636
}

 INSIDE MonitorHandler- handleMessage beat {
  nodeId: "one"
  timeRef: 1382184968121
}

 INSIDE MonitorHandler- handleMessage beat {
  nodeId: "three"
  timeRef: 1382184972636
}

 INSIDE MonitorHandler- handleMessage beat {
  nodeId: "one"
  timeRef: 1382184973122
}

 INSIDE MonitorHandler- handleMessage beat {
  nodeId: "three"
  timeRef: 1382184977637
}

 INSIDE MonitorHandler- handleMessage beat {
  nodeId: "one"
  timeRef: 1382184978122
}

 INSIDE MonitorHandler- handleMessage beat {
  nodeId: "three"
  timeRef: 1382184982638
}

 INSIDE MonitorHandler- handleMessage beat {
  nodeId: "one"
  timeRef: 1382184983123
}

 INSIDE MonitorHandler- handleMessage beat {
  nodeId: "three"
  timeRef: 1382184987640
}

 INSIDE MonitorHandler- handleMessage beat {
  nodeId: "one"
  timeRef: 1382184988124
}

 INSIDE MonitorHandler- handleMessage beat {
  nodeId: "three"
  timeRef: 1382184992640
}

 INSIDE MonitorHandler- handleMessage beat {
  nodeId: "one"
  timeRef: 1382184993125
}

 INSIDE MonitorHandler- handleMessage beat {
  nodeId: "three"
  timeRef: 1382184997641
}

 INSIDE MonitorHandler- handleMessage beat {
  nodeId: "one"
  timeRef: 1382184998126
}

 INSIDE MonitorHandler- handleMessage beat {
  nodeId: "three"
  timeRef: 1382185002642
}

 INSIDE MonitorHandler- handleMessage beat {
  nodeId: "one"
  timeRef: 1382185003126
}

 INSIDE MonitorHandler- handleMessage beat {
  nodeId: "three"
  timeRef: 1382185007644
}

 INSIDE MonitorHandler- handleMessage beat {
  nodeId: "one"
  timeRef: 1382185008126
}

 INSIDE MonitorHandler- handleMessage beat {
  nodeId: "three"
  timeRef: 1382185012645
}

 INSIDE MonitorHandler- handleMessage beat {
  nodeId: "one"
  timeRef: 1382185013126
}

 INSIDE MonitorHandler- handleMessage beat {
  nodeId: "three"
  timeRef: 1382185017645
}

 INSIDE MonitorHandler- handleMessage beat {
  nodeId: "one"
  timeRef: 1382185018128
}

 INSIDE MonitorHandler- handleMessage beat {
  nodeId: "three"
  timeRef: 1382185022647
}

 INSIDE MonitorHandler- handleMessage beat {
  nodeId: "one"
  timeRef: 1382185023129
}

 INSIDE MonitorHandler- handleMessage beat {
  nodeId: "three"
  timeRef: 1382185027649
}

 INSIDE MonitorHandler- handleMessage beat {
  nodeId: "one"
  timeRef: 1382185028130
}

 INSIDE MonitorHandler- handleMessage beat {
  nodeId: "three"
  timeRef: 1382185032649
}

 INSIDE MonitorHandler- handleMessage beat {
  nodeId: "one"
  timeRef: 1382185033131
}

 INSIDE MonitorHandler- handleMessage beat {
  nodeId: "three"
  timeRef: 1382185037650
}

 INSIDE MonitorHandler- handleMessage beat {
  nodeId: "one"
  timeRef: 1382185038131
}

 INSIDE MonitorHandler- handleMessage beat {
  nodeId: "three"
  timeRef: 1382185042650
}

 INSIDE MonitorHandler- handleMessage beat {
  nodeId: "one"
  timeRef: 1382185043132
}

 INSIDE MonitorHandler- handleMessage beat {
  nodeId: "three"
  timeRef: 1382185047651
}

 INSIDE MonitorHandler- handleMessage beat {
  nodeId: "one"
  timeRef: 1382185048133
}

 INSIDE MonitorHandler- handleMessage beat {
  nodeId: "three"
  timeRef: 1382185052652
}

 INSIDE MonitorHandler- handleMessage beat {
  nodeId: "one"
  timeRef: 1382185053134
}

 INSIDE MonitorHandler- handleMessage beat {
  nodeId: "three"
  timeRef: 1382185057652
}

 INSIDE MonitorHandler- handleMessage beat {
  nodeId: "one"
  timeRef: 1382185058135
}

 INSIDE MonitorHandler- handleMessage beat {
  nodeId: "three"
  timeRef: 1382185062653
}

 INSIDE MonitorHandler- handleMessage beat {
  nodeId: "one"
  timeRef: 1382185063137
}

 INSIDE MonitorHandler- handleMessage beat {
  nodeId: "three"
  timeRef: 1382185067655
}

 INSIDE MonitorHandler- handleMessage beat {
  nodeId: "one"
  timeRef: 1382185068138
}

 INSIDE MonitorHandler- handleMessage beat {
  nodeId: "three"
  timeRef: 1382185072657
}

 INSIDE MonitorHandler- handleMessage beat {
  nodeId: "one"
  timeRef: 1382185073142
}

 INSIDE MonitorHandler- handleMessage beat {
  nodeId: "three"
  timeRef: 1382185077657
}

 INSIDE MonitorHandler- handleMessage beat {
  nodeId: "one"
  timeRef: 1382185078143
}

 INSIDE MonitorHandler- handleMessage beat {
  nodeId: "three"
  timeRef: 1382185082658
}

 INSIDE MonitorHandler- handleMessage beat {
  nodeId: "one"
  timeRef: 1382185083144
}

 INSIDE MonitorHandler- handleMessage beat {
  nodeId: "three"
  timeRef: 1382185087658
}

 INSIDE MonitorHandler- handleMessage beat {
  nodeId: "one"
  timeRef: 1382185088145
}

 INSIDE MonitorHandler- handleMessage beat {
  nodeId: "three"
  timeRef: 1382185092658
}

 INSIDE MonitorHandler- handleMessage beat {
  nodeId: "one"
  timeRef: 1382185093147
}

 INSIDE MonitorHandler- handleMessage beat {
  nodeId: "three"
  timeRef: 1382185097659
}

 INSIDE MonitorHandler- handleMessage beat {
  nodeId: "one"
  timeRef: 1382185098148
}

 INSIDE MonitorHandler- handleMessage beat {
  nodeId: "three"
  timeRef: 1382185102659
}

 INSIDE MonitorHandler- handleMessage beat {
  nodeId: "one"
  timeRef: 1382185103149
}

 INSIDE MonitorHandler- handleMessage beat {
  nodeId: "three"
  timeRef: 1382185107659
}

 INSIDE MonitorHandler- handleMessage beat {
  nodeId: "one"
  timeRef: 1382185108149
}

 INSIDE MonitorHandler- handleMessage beat {
  nodeId: "three"
  timeRef: 1382185112659
}

 INSIDE MonitorHandler- handleMessage beat {
  nodeId: "one"
  timeRef: 1382185113149
}

 INSIDE MonitorHandler- handleMessage beat {
  nodeId: "three"
  timeRef: 1382185117660
}

 INSIDE MonitorHandler- handleMessage beat {
  nodeId: "one"
  timeRef: 1382185118150
}

 INSIDE MonitorHandler- handleMessage beat {
  nodeId: "three"
  timeRef: 1382185122660
}

 INSIDE MonitorHandler- handleMessage beat {
  nodeId: "one"
  timeRef: 1382185123150
}

 INSIDE MonitorHandler- handleMessage beat {
  nodeId: "three"
  timeRef: 1382185127660
}

 INSIDE MonitorHandler- handleMessage beat {
  nodeId: "one"
  timeRef: 1382185128151
}

 INSIDE MonitorHandler- handleMessage beat {
  nodeId: "three"
  timeRef: 1382185132661
}

 INSIDE MonitorHandler- handleMessage beat {
  nodeId: "one"
  timeRef: 1382185133153
}

 INSIDE MonitorHandler- handleMessage beat {
  nodeId: "three"
  timeRef: 1382185137661
}

 INSIDE MonitorHandler- handleMessage beat {
  nodeId: "one"
  timeRef: 1382185138153
}

 INSIDE MonitorHandler- handleMessage beat {
  nodeId: "three"
  timeRef: 1382185142662
}

 INSIDE MonitorHandler- handleMessage beat {
  nodeId: "one"
  timeRef: 1382185143155
}

 INSIDE MonitorHandler- handleMessage beat {
  nodeId: "three"
  timeRef: 1382185147662
}

 INSIDE MonitorHandler- handleMessage beat {
  nodeId: "one"
  timeRef: 1382185148155
}

 INSIDE MonitorHandler- handleMessage beat {
  nodeId: "three"
  timeRef: 1382185152663
}

 INSIDE MonitorHandler- handleMessage beat {
  nodeId: "one"
  timeRef: 1382185153157
}

 INSIDE MonitorHandler- handleMessage beat {
  nodeId: "three"
  timeRef: 1382185157665
}

 INSIDE MonitorHandler- handleMessage beat {
  nodeId: "one"
  timeRef: 1382185158159
}

 INSIDE MonitorHandler- handleMessage beat {
  nodeId: "three"
  timeRef: 1382185162667
}

 INSIDE MonitorHandler- handleMessage beat {
  nodeId: "one"
  timeRef: 1382185163159
}

 INSIDE MonitorHandler- handleMessage beat {
  nodeId: "three"
  timeRef: 1382185167667
}

 INSIDE MonitorHandler- handleMessage beat {
  nodeId: "one"
  timeRef: 1382185168160
}

 INSIDE MonitorHandler- handleMessage beat {
  nodeId: "three"
  timeRef: 1382185172668
}

 INSIDE MonitorHandler- handleMessage beat {
  nodeId: "one"
  timeRef: 1382185173161
}

 INSIDE MonitorHandler- handleMessage beat {
  nodeId: "three"
  timeRef: 1382185177668
}

 INSIDE MonitorHandler- handleMessage beat {
  nodeId: "one"
  timeRef: 1382185178162
}

 INSIDE MonitorHandler- handleMessage beat {
  nodeId: "three"
  timeRef: 1382185182669
}

 INSIDE MonitorHandler- handleMessage beat {
  nodeId: "one"
  timeRef: 1382185183162
}

 INSIDE MonitorHandler- handleMessage beat {
  nodeId: "three"
  timeRef: 1382185187670
}

 INSIDE MonitorHandler- handleMessage beat {
  nodeId: "one"
  timeRef: 1382185188163
}

 INSIDE MonitorHandler- handleMessage beat {
  nodeId: "three"
  timeRef: 1382185192671
}

 INSIDE MonitorHandler- handleMessage beat {
  nodeId: "one"
  timeRef: 1382185193163
}

 INSIDE MonitorHandler- handleMessage beat {
  nodeId: "three"
  timeRef: 1382185197672
}

 INSIDE MonitorHandler- handleMessage beat {
  nodeId: "one"
  timeRef: 1382185198164
}

 INSIDE MonitorHandler- handleMessage beat {
  nodeId: "three"
  timeRef: 1382185202673
}

 INSIDE MonitorHandler- handleMessage beat {
  nodeId: "one"
  timeRef: 1382185203165
}

 INSIDE MonitorHandler- handleMessage beat {
  nodeId: "three"
  timeRef: 1382185207673
}

 INSIDE MonitorHandler- handleMessage beat {
  nodeId: "one"
  timeRef: 1382185208167
}

 INSIDE MonitorHandler- handleMessage beat {
  nodeId: "three"
  timeRef: 1382185212673
}

 INSIDE MonitorHandler- handleMessage beat {
  nodeId: "one"
  timeRef: 1382185213167
}

 INSIDE MonitorHandler- handleMessage beat {
  nodeId: "three"
  timeRef: 1382185217673
}

 INSIDE MonitorHandler- handleMessage beat {
  nodeId: "one"
  timeRef: 1382185218169
}

 INSIDE MonitorHandler- handleMessage beat {
  nodeId: "three"
  timeRef: 1382185222674
}

 INSIDE MonitorHandler- handleMessage beat {
  nodeId: "one"
  timeRef: 1382185223169
}

 INSIDE MonitorHandler- handleMessage beat {
  nodeId: "three"
  timeRef: 1382185227675
}

 INSIDE MonitorHandler- handleMessage beat {
  nodeId: "one"
  timeRef: 1382185228169
}

 INSIDE MonitorHandler- handleMessage beat {
  nodeId: "three"
  timeRef: 1382185232677
}

 INSIDE MonitorHandler- handleMessage beat {
  nodeId: "one"
  timeRef: 1382185233169
}

 INSIDE MonitorHandler- handleMessage beat {
  nodeId: "three"
  timeRef: 1382185237678
}

 INSIDE MonitorHandler- handleMessage beat {
  nodeId: "one"
  timeRef: 1382185238170
}

 INSIDE MonitorHandler- handleMessage beat {
  nodeId: "three"
  timeRef: 1382185242679
}

 INSIDE MonitorHandler- handleMessage beat {
  nodeId: "one"
  timeRef: 1382185243170
}

 INSIDE MonitorHandler- handleMessage beat {
  nodeId: "three"
  timeRef: 1382185247680
}

 INSIDE MonitorHandler- handleMessage beat {
  nodeId: "one"
  timeRef: 1382185248171
}

 INSIDE MonitorHandler- handleMessage beat {
  nodeId: "three"
  timeRef: 1382185252680
}

 INSIDE MonitorHandler- handleMessage beat {
  nodeId: "one"
  timeRef: 1382185253171
}

 INSIDE MonitorHandler- handleMessage beat {
  nodeId: "three"
  timeRef: 1382185257681
}

 INSIDE MonitorHandler- handleMessage beat {
  nodeId: "one"
  timeRef: 1382185258172
}

 INSIDE MonitorHandler- handleMessage beat {
  nodeId: "three"
  timeRef: 1382185262682
}

 INSIDE MonitorHandler- handleMessage beat {
  nodeId: "one"
  timeRef: 1382185263173
}

 INSIDE MonitorHandler- handleMessage beat {
  nodeId: "three"
  timeRef: 1382185267682
}

 INSIDE MonitorHandler- handleMessage beat {
  nodeId: "one"
  timeRef: 1382185268173
}

 INSIDE MonitorHandler- handleMessage beat {
  nodeId: "three"
  timeRef: 1382185272682
}

 INSIDE MonitorHandler- handleMessage beat {
  nodeId: "one"
  timeRef: 1382185273173
}

 INSIDE MonitorHandler- handleMessage beat {
  nodeId: "three"
  timeRef: 1382185277682
}

 INSIDE MonitorHandler- handleMessage beat {
  nodeId: "one"
  timeRef: 1382185278174
}

 INSIDE MonitorHandler- handleMessage beat {
  nodeId: "three"
  timeRef: 1382185282683
}

 INSIDE MonitorHandler- handleMessage beat {
  nodeId: "one"
  timeRef: 1382185283176
}

 INSIDE MonitorHandler- handleMessage beat {
  nodeId: "three"
  timeRef: 1382185287683
}

 INSIDE MonitorHandler- handleMessage beat {
  nodeId: "one"
  timeRef: 1382185288176
}

 INSIDE MonitorHandler- handleMessage beat {
  nodeId: "three"
  timeRef: 1382185292684
}

 INSIDE MonitorHandler- handleMessage beat {
  nodeId: "one"
  timeRef: 1382185293177
}

 INSIDE MonitorHandler- handleMessage beat {
  nodeId: "three"
  timeRef: 1382185297685
}

 INSIDE MonitorHandler- handleMessage beat {
  nodeId: "one"
  timeRef: 1382185298178
}

 INSIDE MonitorHandler- handleMessage beat {
  nodeId: "three"
  timeRef: 1382185302685
}

 INSIDE MonitorHandler- handleMessage beat {
  nodeId: "one"
  timeRef: 1382185303178
}

 INSIDE MonitorHandler- handleMessage beat {
  nodeId: "three"
  timeRef: 1382185307686
}

 INSIDE MonitorHandler- handleMessage beat {
  nodeId: "one"
  timeRef: 1382185308178
}

 INSIDE MonitorHandler- handleMessage beat {
  nodeId: "three"
  timeRef: 1382185312686
}

 INSIDE MonitorHandler- handleMessage beat {
  nodeId: "one"
  timeRef: 1382185313180
}

 INSIDE MonitorHandler- handleMessage beat {
  nodeId: "three"
  timeRef: 1382185317688
}

 INSIDE MonitorHandler- handleMessage beat {
  nodeId: "one"
  timeRef: 1382185318181
}

 INSIDE MonitorHandler- handleMessage beat {
  nodeId: "three"
  timeRef: 1382185322688
}

 INSIDE MonitorHandler- handleMessage beat {
  nodeId: "one"
  timeRef: 1382185323182
}

 INSIDE MonitorHandler- handleMessage beat {
  nodeId: "three"
  timeRef: 1382185327688
}

 INSIDE MonitorHandler- handleMessage beat {
  nodeId: "one"
  timeRef: 1382185328183
}

 INSIDE MonitorHandler- handleMessage beat {
  nodeId: "three"
  timeRef: 1382185332690
}

 INSIDE MonitorHandler- handleMessage beat {
  nodeId: "one"
  timeRef: 1382185333183
}

 INSIDE MonitorHandler- handleMessage beat {
  nodeId: "three"
  timeRef: 1382185337690
}

 INSIDE MonitorHandler- handleMessage beat {
  nodeId: "one"
  timeRef: 1382185338184
}

 INSIDE MonitorHandler- handleMessage beat {
  nodeId: "three"
  timeRef: 1382185342691
}

 INSIDE MonitorHandler- handleMessage beat {
  nodeId: "one"
  timeRef: 1382185343184
}

 INSIDE MonitorHandler- handleMessage beat {
  nodeId: "three"
  timeRef: 1382185347691
}

 INSIDE MonitorHandler- handleMessage beat {
  nodeId: "one"
  timeRef: 1382185348185
}

 INSIDE MonitorHandler- handleMessage beat {
  nodeId: "three"
  timeRef: 1382185352691
}

 INSIDE MonitorHandler- handleMessage beat {
  nodeId: "one"
  timeRef: 1382185353186
}

 INSIDE MonitorHandler- handleMessage beat {
  nodeId: "three"
  timeRef: 1382185357693
}

 INSIDE MonitorHandler- handleMessage beat {
  nodeId: "one"
  timeRef: 1382185358186
}

 INSIDE MonitorHandler- handleMessage beat {
  nodeId: "three"
  timeRef: 1382185362693
}

 INSIDE MonitorHandler- handleMessage beat {
  nodeId: "one"
  timeRef: 1382185363188
}

 INSIDE MonitorHandler- handleMessage beat {
  nodeId: "three"
  timeRef: 1382185367693
}

 INSIDE MonitorHandler- handleMessage beat {
  nodeId: "one"
  timeRef: 1382185368188
}

 INSIDE MonitorHandler- handleMessage beat {
  nodeId: "three"
  timeRef: 1382185372694
}

 INSIDE MonitorHandler- handleMessage beat {
  nodeId: "one"
  timeRef: 1382185373188
}

 INSIDE MonitorHandler- handleMessage beat {
  nodeId: "three"
  timeRef: 1382185377695
}

 INSIDE MonitorHandler- handleMessage beat {
  nodeId: "one"
  timeRef: 1382185378189
}

 INSIDE MonitorHandler- handleMessage beat {
  nodeId: "three"
  timeRef: 1382185382695
}

 INSIDE MonitorHandler- handleMessage beat {
  nodeId: "one"
  timeRef: 1382185383190
}

 INSIDE MonitorHandler- handleMessage beat {
  nodeId: "three"
  timeRef: 1382185387695
}

 INSIDE MonitorHandler- handleMessage beat {
  nodeId: "one"
  timeRef: 1382185388191
}

 INSIDE MonitorHandler- handleMessage beat {
  nodeId: "three"
  timeRef: 1382185392696
}

 INSIDE MonitorHandler- handleMessage beat {
  nodeId: "one"
  timeRef: 1382185393192
}

 INSIDE MonitorHandler- handleMessage beat {
  nodeId: "three"
  timeRef: 1382185397697
}

 INSIDE MonitorHandler- handleMessage beat {
  nodeId: "one"
  timeRef: 1382185398193
}

 INSIDE MonitorHandler- handleMessage beat {
  nodeId: "three"
  timeRef: 1382185402698
}

 INSIDE MonitorHandler- handleMessage beat {
  nodeId: "one"
  timeRef: 1382185403194
}

 INSIDE MonitorHandler- handleMessage beat {
  nodeId: "three"
  timeRef: 1382185407698
}

 INSIDE MonitorHandler- handleMessage beat {
  nodeId: "one"
  timeRef: 1382185408194
}

 INSIDE MonitorHandler- handleMessage beat {
  nodeId: "three"
  timeRef: 1382185412698
}

 INSIDE MonitorHandler- handleMessage beat {
  nodeId: "one"
  timeRef: 1382185413194
}

 INSIDE MonitorHandler- handleMessage beat {
  nodeId: "three"
  timeRef: 1382185417700
}

 INSIDE MonitorHandler- handleMessage beat {
  nodeId: "one"
  timeRef: 1382185418194
}

 INSIDE MonitorHandler- handleMessage beat {
  nodeId: "three"
  timeRef: 1382185422700
}

 INSIDE MonitorHandler- handleMessage beat {
  nodeId: "one"
  timeRef: 1382185423195
}

 INSIDE MonitorHandler- handleMessage beat {
  nodeId: "three"
  timeRef: 1382185427700
}

 INSIDE MonitorHandler- handleMessage beat {
  nodeId: "one"
  timeRef: 1382185428195
}

 INSIDE MonitorHandler- handleMessage beat {
  nodeId: "three"
  timeRef: 1382185432701
}

 INSIDE MonitorHandler- handleMessage beat {
  nodeId: "one"
  timeRef: 1382185433195
}

 INSIDE MonitorHandler- handleMessage beat {
  nodeId: "three"
  timeRef: 1382185437702
}

 INSIDE MonitorHandler- handleMessage beat {
  nodeId: "one"
  timeRef: 1382185438196
}

 INSIDE MonitorHandler- handleMessage beat {
  nodeId: "three"
  timeRef: 1382185442704
}

 INSIDE MonitorHandler- handleMessage beat {
  nodeId: "one"
  timeRef: 1382185443196
}

 INSIDE MonitorHandler- handleMessage beat {
  nodeId: "three"
  timeRef: 1382185447704
}

 INSIDE MonitorHandler- handleMessage beat {
  nodeId: "one"
  timeRef: 1382185448196
}

 INSIDE MonitorHandler- handleMessage beat {
  nodeId: "three"
  timeRef: 1382185452704
}

 INSIDE MonitorHandler- handleMessage beat {
  nodeId: "one"
  timeRef: 1382185453197
}

 INSIDE MonitorHandler- handleMessage beat {
  nodeId: "three"
  timeRef: 1382185457705
}

 INSIDE MonitorHandler- handleMessage beat {
  nodeId: "one"
  timeRef: 1382185458197
}

 INSIDE MonitorHandler- handleMessage beat {
  nodeId: "three"
  timeRef: 1382185462706
}

 INSIDE MonitorHandler- handleMessage beat {
  nodeId: "one"
  timeRef: 1382185463199
}

 INSIDE MonitorHandler- handleMessage beat {
  nodeId: "three"
  timeRef: 1382185467706
}

 INSIDE MonitorHandler- handleMessage beat {
  nodeId: "one"
  timeRef: 1382185468199
}

 INSIDE MonitorHandler- handleMessage beat {
  nodeId: "three"
  timeRef: 1382185472707
}

 INSIDE MonitorHandler- handleMessage beat {
  nodeId: "one"
  timeRef: 1382185473200
}

 INSIDE MonitorHandler- handleMessage beat {
  nodeId: "three"
  timeRef: 1382185477707
}

 INSIDE MonitorHandler- handleMessage beat {
  nodeId: "one"
  timeRef: 1382185478200
}

 INSIDE MonitorHandler- handleMessage beat {
  nodeId: "three"
  timeRef: 1382185482708
}

 INSIDE MonitorHandler- handleMessage beat {
  nodeId: "one"
  timeRef: 1382185483200
}

 INSIDE MonitorHandler- handleMessage beat {
  nodeId: "three"
  timeRef: 1382185487708
}

 INSIDE MonitorHandler- handleMessage beat {
  nodeId: "one"
  timeRef: 1382185488201
}

 INSIDE MonitorHandler- handleMessage beat {
  nodeId: "three"
  timeRef: 1382185492709
}

 INSIDE MonitorHandler- handleMessage beat {
  nodeId: "one"
  timeRef: 1382185493202
}

 INSIDE MonitorHandler- handleMessage beat {
  nodeId: "three"
  timeRef: 1382185497710
}

 INSIDE MonitorHandler- handleMessage beat {
  nodeId: "one"
  timeRef: 1382185498202
}

 INSIDE MonitorHandler- handleMessage beat {
  nodeId: "three"
  timeRef: 1382185502710
}

 INSIDE MonitorHandler- handleMessage beat {
  nodeId: "one"
  timeRef: 1382185503203
}

 INSIDE MonitorHandler- handleMessage beat {
  nodeId: "three"
  timeRef: 1382185507710
}

 INSIDE MonitorHandler- handleMessage beat {
  nodeId: "one"
  timeRef: 1382185508204
}

 INSIDE MonitorHandler- handleMessage beat {
  nodeId: "three"
  timeRef: 1382185512711
}

 INSIDE MonitorHandler- handleMessage beat {
  nodeId: "one"
  timeRef: 1382185513205
}

 INSIDE MonitorHandler- handleMessage beat {
  nodeId: "three"
  timeRef: 1382185517713
}

 INSIDE MonitorHandler- handleMessage beat {
  nodeId: "one"
  timeRef: 1382185518205
}

 INSIDE MonitorHandler- handleMessage beat {
  nodeId: "three"
  timeRef: 1382185522714
}

 INSIDE MonitorHandler- handleMessage beat {
  nodeId: "one"
  timeRef: 1382185523206
}

 INSIDE MonitorHandler- handleMessage beat {
  nodeId: "three"
  timeRef: 1382185527715
}

 INSIDE MonitorHandler- handleMessage beat {
  nodeId: "one"
  timeRef: 1382185528207
}

 INSIDE MonitorHandler- handleMessage beat {
  nodeId: "three"
  timeRef: 1382185532717
}

 INSIDE MonitorHandler- handleMessage beat {
  nodeId: "one"
  timeRef: 1382185533207
}

 INSIDE MonitorHandler- handleMessage beat {
  nodeId: "three"
  timeRef: 1382185537718
}

 INSIDE MonitorHandler- handleMessage beat {
  nodeId: "one"
  timeRef: 1382185538208
}

 INSIDE MonitorHandler- handleMessage beat {
  nodeId: "three"
  timeRef: 1382185542719
}

 INSIDE MonitorHandler- handleMessage beat {
  nodeId: "one"
  timeRef: 1382185543208
}

 INSIDE MonitorHandler- handleMessage beat {
  nodeId: "three"
  timeRef: 1382185547720
}

 INSIDE MonitorHandler- handleMessage beat {
  nodeId: "one"
  timeRef: 1382185548208
}

 INSIDE MonitorHandler- handleMessage beat {
  nodeId: "three"
  timeRef: 1382185552721
}

 INSIDE MonitorHandler- handleMessage beat {
  nodeId: "one"
  timeRef: 1382185553209
}

 INSIDE MonitorHandler- handleMessage beat {
  nodeId: "three"
  timeRef: 1382185557723
}

 INSIDE MonitorHandler- handleMessage beat {
  nodeId: "one"
  timeRef: 1382185558210
}

 INSIDE MonitorHandler- handleMessage beat {
  nodeId: "three"
  timeRef: 1382185562725
}

 INSIDE MonitorHandler- handleMessage beat {
  nodeId: "one"
  timeRef: 1382185563211
}

 INSIDE MonitorHandler- handleMessage beat {
  nodeId: "three"
  timeRef: 1382185567725
}

 INSIDE MonitorHandler- handleMessage beat {
  nodeId: "one"
  timeRef: 1382185568211
}

 INSIDE MonitorHandler- handleMessage beat {
  nodeId: "three"
  timeRef: 1382185572726
}

 INSIDE MonitorHandler- handleMessage beat {
  nodeId: "one"
  timeRef: 1382185573212
}

 INSIDE MonitorHandler- handleMessage beat {
  nodeId: "three"
  timeRef: 1382185577727
}

 INSIDE MonitorHandler- handleMessage beat {
  nodeId: "one"
  timeRef: 1382185578213
}

 INSIDE MonitorHandler- handleMessage beat {
  nodeId: "three"
  timeRef: 1382185582729
}

 INSIDE MonitorHandler- handleMessage beat {
  nodeId: "one"
  timeRef: 1382185583214
}

 INSIDE MonitorHandler- handleMessage beat {
  nodeId: "three"
  timeRef: 1382185587729
}

 INSIDE MonitorHandler- handleMessage beat {
  nodeId: "one"
  timeRef: 1382185588215
}

 INSIDE MonitorHandler- handleMessage beat {
  nodeId: "three"
  timeRef: 1382185592730
}

 INSIDE MonitorHandler- handleMessage beat {
  nodeId: "one"
  timeRef: 1382185593216
}

 INSIDE MonitorHandler- handleMessage beat {
  nodeId: "three"
  timeRef: 1382185597731
}

 INSIDE MonitorHandler- handleMessage beat {
  nodeId: "one"
  timeRef: 1382185598217
}

 INSIDE MonitorHandler- handleMessage beat {
  nodeId: "three"
  timeRef: 1382185602731
}

 INSIDE MonitorHandler- handleMessage beat {
  nodeId: "one"
  timeRef: 1382185603217
}

 INSIDE MonitorHandler- handleMessage beat {
  nodeId: "three"
  timeRef: 1382185607731
}

 INSIDE MonitorHandler- handleMessage beat {
  nodeId: "one"
  timeRef: 1382185608217
}

 INSIDE MonitorHandler- handleMessage beat {
  nodeId: "three"
  timeRef: 1382185612732
}

 INSIDE MonitorHandler- handleMessage beat {
  nodeId: "one"
  timeRef: 1382185613218
}

 INSIDE MonitorHandler- handleMessage beat {
  nodeId: "three"
  timeRef: 1382185617733
}

 INSIDE MonitorHandler- handleMessage beat {
  nodeId: "one"
  timeRef: 1382185618218
}

